-------------------------------------------------------------------------------
Test set: TestSuite
-------------------------------------------------------------------------------
Tests run: 6, Failures: 1, Errors: 0, Skipped: 0, Time elapsed: 32.819 s <<< FAILURE! - in TestSuite
CheckValidationOfRegisterForm(test.WorkUaRegisterTest)  Time elapsed: 0.592 s  <<< FAILURE!
java.lang.AssertionError: expected [???? ?????, ??????? ??? ??????1.] but found [???? ?????, ??????? ??? ??????.]
	at test.WorkUaRegisterTest.CheckValidationOfRegisterForm(WorkUaRegisterTest.java:47)

